c:\users\scott\documents\github\cmd-emulator\cmdemulator\x64\release\cmdemulator.i
c:\users\scott\documents\github\cmd-emulator\cmdemulator\x64\release\tools.i
c:\users\scott\documents\github\cmd-emulator\cmdemulator\x64\release\pch.i
c:\users\scottbanister\desktop\cmd-emulator\cmdemulator\x64\release\vc142.pdb
c:\users\scottbanister\desktop\cmd-emulator\cmdemulator\x64\release\cmdemulator.obj
c:\users\scott\documents\github\cmd-emulator\cmdemulator\x64\release\vc142.pdb
c:\users\scott\documents\github\cmd-emulator\cmdemulator\x64\release\tools.obj
c:\users\scott\documents\github\cmd-emulator\x64\release\cmd emulator.ipdb
c:\users\scott\documents\github\cmd-emulator\x64\release\cmd emulator.iobj
c:\users\scott\documents\github\cmd-emulator\x64\release\cmd emulator.exe
c:\users\scott\documents\github\cmd-emulator\x64\release\cmd emulator.pdb
c:\users\scott\documents\github\cmd-emulator\cmdemulator\x64\release\cmdemulator.obj
c:\users\scott\documents\github\cmd-emulator\cmdemulator\x64\release\vc141.pdb
c:\users\scott\documents\github\cmd-emulator\cmdemulator\x64\release\cmd emulator.tlog\cl.command.1.tlog
c:\users\scott\documents\github\cmd-emulator\cmdemulator\x64\release\cmd emulator.tlog\cl.read.1.tlog
c:\users\scott\documents\github\cmd-emulator\cmdemulator\x64\release\cmd emulator.tlog\cl.write.1.tlog
c:\users\scott\documents\github\cmd-emulator\cmdemulator\x64\release\cmd emulator.tlog\cmd emulator.write.1u.tlog
c:\users\scott\documents\github\cmd-emulator\cmdemulator\x64\release\cmd emulator.tlog\link.command.1.tlog
c:\users\scott\documents\github\cmd-emulator\cmdemulator\x64\release\cmd emulator.tlog\link.read.1.tlog
c:\users\scott\documents\github\cmd-emulator\cmdemulator\x64\release\cmd emulator.tlog\link.write.1.tlog
